<?xml version="1.0" encoding="UTF-8"?>
<!-- Generated by org.testng.reporters.JUnitReportReporter -->
<testsuite skipped="0" hostname="paradox" name="com.codingparadox.CRUDTest" tests="5" failures="0" timestamp="7 Dec 2016 11:45:25 GMT" time="1.157" errors="0">
  <testcase name="checkIndex" time="0.006" classname="com.codingparadox.CRUDTest"/>
  <testcase name="readAll" time="0.065" classname="com.codingparadox.CRUDTest"/>
  <testcase name="update" time="0.038" classname="com.codingparadox.CRUDTest"/>
  <testcase name="deleteIndex" time="0.041" classname="com.codingparadox.CRUDTest"/>
  <testcase name="insert" time="1.007" classname="com.codingparadox.CRUDTest"/>
</testsuite> <!-- com.codingparadox.CRUDTest -->
