<?xml version="1.0" encoding="UTF-8"?>
<!-- Generated by org.testng.reporters.JUnitReportReporter -->
<testsuite skipped="0" hostname="paradox" name="com.codingparadox.ConnectionTest" tests="1" failures="0" timestamp="7 Dec 2016 11:45:25 GMT" time="0.072" errors="0">
  <testcase name="connect" time="0.072" classname="com.codingparadox.ConnectionTest"/>
</testsuite> <!-- com.codingparadox.ConnectionTest -->
